This file contains any messages produced by compilers while
running configure, to aid debugging if configure makes a mistake.

It was created by emc configure 0.0.1, which was
generated by GNU Autoconf 2.69.  Invocation command line was

  $ ./configure 

## --------- ##
## Platform. ##
## --------- ##

hostname = delarge
uname -m = x86_64
uname -r = 3.11.0-15-generic
uname -s = Linux
uname -v = #25-Ubuntu SMP Thu Jan 30 17:22:01 UTC 2014

/usr/bin/uname -p = unknown
/bin/uname -X     = unknown

/bin/arch              = unknown
/usr/bin/arch -k       = unknown
/usr/convex/getsysinfo = unknown
/usr/bin/hostinfo      = unknown
/bin/machine           = unknown
/usr/bin/oslevel       = unknown
/bin/universe          = unknown

PATH: /home/ccarvalho/arcanist/arcanist/bin
PATH: /opt/e/e19/bin
PATH: /usr/lib/lightdm/lightdm
PATH: /usr/local/sbin
PATH: /usr/local/bin
PATH: /usr/sbin
PATH: /usr/bin
PATH: /sbin
PATH: /bin
PATH: /usr/games
PATH: /usr/local/games


## ----------- ##
## Core tests. ##
## ----------- ##

configure:2179: checking for g++
configure:2195: found /usr/bin/g++
configure:2206: result: g++
configure:2233: checking for C++ compiler version
configure:2242: g++ --version >&5
g++ (Ubuntu/Linaro 4.8.1-10ubuntu9) 4.8.1
Copyright (C) 2013 Free Software Foundation, Inc.
This is free software; see the source for copying conditions.  There is NO
warranty; not even for MERCHANTABILITY or FITNESS FOR A PARTICULAR PURPOSE.

configure:2253: $? = 0
configure:2242: g++ -v >&5
Using built-in specs.
COLLECT_GCC=g++
COLLECT_LTO_WRAPPER=/usr/lib/gcc/x86_64-linux-gnu/4.8/lto-wrapper
Target: x86_64-linux-gnu
Configured with: ../src/configure -v --with-pkgversion='Ubuntu/Linaro 4.8.1-10ubuntu9' --with-bugurl=file:///usr/share/doc/gcc-4.8/README.Bugs --enable-languages=c,c++,java,go,d,fortran,objc,obj-c++ --prefix=/usr --program-suffix=-4.8 --enable-shared --enable-linker-build-id --libexecdir=/usr/lib --without-included-gettext --enable-threads=posix --with-gxx-include-dir=/usr/include/c++/4.8 --libdir=/usr/lib --enable-nls --with-sysroot=/ --enable-clocale=gnu --enable-libstdcxx-debug --enable-libstdcxx-time=yes --enable-gnu-unique-object --enable-plugin --with-system-zlib --disable-browser-plugin --enable-java-awt=gtk --enable-gtk-cairo --with-java-home=/usr/lib/jvm/java-1.5.0-gcj-4.8-amd64/jre --enable-java-home --with-jvm-root-dir=/usr/lib/jvm/java-1.5.0-gcj-4.8-amd64 --with-jvm-jar-dir=/usr/lib/jvm-exports/java-1.5.0-gcj-4.8-amd64 --with-arch-directory=amd64 --with-ecj-jar=/usr/share/java/eclipse-ecj.jar --enable-objc-gc --enable-multiarch --disable-werror --with-arch-32=i686 --with-abi=m64 --with-multilib-list=m32,m64,mx32 --with-tune=generic --enable-checking=release --build=x86_64-linux-gnu --host=x86_64-linux-gnu --target=x86_64-linux-gnu
Thread model: posix
gcc version 4.8.1 (Ubuntu/Linaro 4.8.1-10ubuntu9) 
configure:2253: $? = 0
configure:2242: g++ -V >&5
g++: error: unrecognized command line option '-V'
g++: fatal error: no input files
compilation terminated.
configure:2253: $? = 4
configure:2242: g++ -qversion >&5
g++: error: unrecognized command line option '-qversion'
g++: fatal error: no input files
compilation terminated.
configure:2253: $? = 4
configure:2273: checking whether the C++ compiler works
configure:2295: g++ -O -march=native -g -ggdb3 -O -march=native -g -ggdb3  conftest.cpp  >&5
configure:2299: $? = 0
configure:2347: result: yes
configure:2350: checking for C++ compiler default output file name
configure:2352: result: a.out
configure:2358: checking for suffix of executables
configure:2365: g++ -o conftest -O -march=native -g -ggdb3 -O -march=native -g -ggdb3  conftest.cpp  >&5
configure:2369: $? = 0
configure:2391: result: 
configure:2413: checking whether we are cross compiling
configure:2421: g++ -o conftest -O -march=native -g -ggdb3 -O -march=native -g -ggdb3  conftest.cpp  >&5
configure:2425: $? = 0
configure:2432: ./conftest
configure:2436: $? = 0
configure:2451: result: no
configure:2456: checking for suffix of object files
configure:2478: g++ -c -O -march=native -g -ggdb3 -O -march=native -g -ggdb3 conftest.cpp >&5
configure:2482: $? = 0
configure:2503: result: o
configure:2507: checking whether we are using the GNU C++ compiler
configure:2526: g++ -c -O -march=native -g -ggdb3 -O -march=native -g -ggdb3 conftest.cpp >&5
configure:2526: $? = 0
configure:2535: result: yes
configure:2544: checking whether g++ accepts -g
configure:2564: g++ -c -g -O -march=native -g -ggdb3 conftest.cpp >&5
configure:2564: $? = 0
configure:2605: result: yes
configure:2676: checking for gcc
configure:2692: found /usr/bin/gcc
configure:2703: result: gcc
configure:2932: checking for C compiler version
configure:2941: gcc --version >&5
gcc (Ubuntu/Linaro 4.8.1-10ubuntu9) 4.8.1
Copyright (C) 2013 Free Software Foundation, Inc.
This is free software; see the source for copying conditions.  There is NO
warranty; not even for MERCHANTABILITY or FITNESS FOR A PARTICULAR PURPOSE.

configure:2952: $? = 0
configure:2941: gcc -v >&5
Using built-in specs.
COLLECT_GCC=gcc
COLLECT_LTO_WRAPPER=/usr/lib/gcc/x86_64-linux-gnu/4.8/lto-wrapper
Target: x86_64-linux-gnu
Configured with: ../src/configure -v --with-pkgversion='Ubuntu/Linaro 4.8.1-10ubuntu9' --with-bugurl=file:///usr/share/doc/gcc-4.8/README.Bugs --enable-languages=c,c++,java,go,d,fortran,objc,obj-c++ --prefix=/usr --program-suffix=-4.8 --enable-shared --enable-linker-build-id --libexecdir=/usr/lib --without-included-gettext --enable-threads=posix --with-gxx-include-dir=/usr/include/c++/4.8 --libdir=/usr/lib --enable-nls --with-sysroot=/ --enable-clocale=gnu --enable-libstdcxx-debug --enable-libstdcxx-time=yes --enable-gnu-unique-object --enable-plugin --with-system-zlib --disable-browser-plugin --enable-java-awt=gtk --enable-gtk-cairo --with-java-home=/usr/lib/jvm/java-1.5.0-gcj-4.8-amd64/jre --enable-java-home --with-jvm-root-dir=/usr/lib/jvm/java-1.5.0-gcj-4.8-amd64 --with-jvm-jar-dir=/usr/lib/jvm-exports/java-1.5.0-gcj-4.8-amd64 --with-arch-directory=amd64 --with-ecj-jar=/usr/share/java/eclipse-ecj.jar --enable-objc-gc --enable-multiarch --disable-werror --with-arch-32=i686 --with-abi=m64 --with-multilib-list=m32,m64,mx32 --with-tune=generic --enable-checking=release --build=x86_64-linux-gnu --host=x86_64-linux-gnu --target=x86_64-linux-gnu
Thread model: posix
gcc version 4.8.1 (Ubuntu/Linaro 4.8.1-10ubuntu9) 
configure:2952: $? = 0
configure:2941: gcc -V >&5
gcc: error: unrecognized command line option '-V'
gcc: fatal error: no input files
compilation terminated.
configure:2952: $? = 4
configure:2941: gcc -qversion >&5
gcc: error: unrecognized command line option '-qversion'
gcc: fatal error: no input files
compilation terminated.
configure:2952: $? = 4
configure:2956: checking whether we are using the GNU C compiler
configure:2975: gcc -c -O -march=native -g -ggdb3 -O -march=native -g -ggdb3 conftest.c >&5
configure:2975: $? = 0
configure:2984: result: yes
configure:2993: checking whether gcc accepts -g
configure:3013: gcc -c -g -O -march=native -g -ggdb3 conftest.c >&5
configure:3013: $? = 0
configure:3054: result: yes
configure:3071: checking for gcc option to accept ISO C89
configure:3134: gcc  -c -O -march=native -g -ggdb3 -O -march=native -g -ggdb3 conftest.c >&5
configure:3134: $? = 0
configure:3147: result: none needed
configure:3167: checking whether make sets $(MAKE)
configure:3189: result: yes
configure:3205: checking how to run the C preprocessor
configure:3236: gcc -E -O -march=native -g -ggdb3 conftest.c
configure:3236: $? = 0
configure:3250: gcc -E -O -march=native -g -ggdb3 conftest.c
conftest.c:9:28: fatal error: ac_nonexistent.h: No such file or directory
 #include <ac_nonexistent.h>
                            ^
compilation terminated.
configure:3250: $? = 1
configure: failed program was:
| /* confdefs.h */
| #define PACKAGE_NAME "emc"
| #define PACKAGE_TARNAME "emc"
| #define PACKAGE_VERSION "0.0.1"
| #define PACKAGE_STRING "emc 0.0.1"
| #define PACKAGE_BUGREPORT "ccarvalho@expertisesolutions.com"
| #define PACKAGE_URL ""
| /* end confdefs.h.  */
| #include <ac_nonexistent.h>
configure:3275: result: gcc -E
configure:3295: gcc -E -O -march=native -g -ggdb3 conftest.c
configure:3295: $? = 0
configure:3309: gcc -E -O -march=native -g -ggdb3 conftest.c
conftest.c:9:28: fatal error: ac_nonexistent.h: No such file or directory
 #include <ac_nonexistent.h>
                            ^
compilation terminated.
configure:3309: $? = 1
configure: failed program was:
| /* confdefs.h */
| #define PACKAGE_NAME "emc"
| #define PACKAGE_TARNAME "emc"
| #define PACKAGE_VERSION "0.0.1"
| #define PACKAGE_STRING "emc 0.0.1"
| #define PACKAGE_BUGREPORT "ccarvalho@expertisesolutions.com"
| #define PACKAGE_URL ""
| /* end confdefs.h.  */
| #include <ac_nonexistent.h>
configure:3338: checking for grep that handles long lines and -e
configure:3396: result: /bin/grep
configure:3401: checking for egrep
configure:3463: result: /bin/grep -E
configure:3468: checking for ANSI C header files
configure:3488: gcc -c -O -march=native -g -ggdb3 -O -march=native -g -ggdb3 conftest.c >&5
configure:3488: $? = 0
configure:3561: gcc -o conftest -O -march=native -g -ggdb3 -O -march=native -g -ggdb3  conftest.c  >&5
configure:3561: $? = 0
configure:3561: ./conftest
configure:3561: $? = 0
configure:3572: result: yes
configure:3585: checking for sys/types.h
configure:3585: gcc -c -O -march=native -g -ggdb3 -O -march=native -g -ggdb3 conftest.c >&5
configure:3585: $? = 0
configure:3585: result: yes
configure:3585: checking for sys/stat.h
configure:3585: gcc -c -O -march=native -g -ggdb3 -O -march=native -g -ggdb3 conftest.c >&5
configure:3585: $? = 0
configure:3585: result: yes
configure:3585: checking for stdlib.h
configure:3585: gcc -c -O -march=native -g -ggdb3 -O -march=native -g -ggdb3 conftest.c >&5
configure:3585: $? = 0
configure:3585: result: yes
configure:3585: checking for string.h
configure:3585: gcc -c -O -march=native -g -ggdb3 -O -march=native -g -ggdb3 conftest.c >&5
configure:3585: $? = 0
configure:3585: result: yes
configure:3585: checking for memory.h
configure:3585: gcc -c -O -march=native -g -ggdb3 -O -march=native -g -ggdb3 conftest.c >&5
configure:3585: $? = 0
configure:3585: result: yes
configure:3585: checking for strings.h
configure:3585: gcc -c -O -march=native -g -ggdb3 -O -march=native -g -ggdb3 conftest.c >&5
configure:3585: $? = 0
configure:3585: result: yes
configure:3585: checking for inttypes.h
configure:3585: gcc -c -O -march=native -g -ggdb3 -O -march=native -g -ggdb3 conftest.c >&5
configure:3585: $? = 0
configure:3585: result: yes
configure:3585: checking for stdint.h
configure:3585: gcc -c -O -march=native -g -ggdb3 -O -march=native -g -ggdb3 conftest.c >&5
configure:3585: $? = 0
configure:3585: result: yes
configure:3585: checking for unistd.h
configure:3585: gcc -c -O -march=native -g -ggdb3 -O -march=native -g -ggdb3 conftest.c >&5
configure:3585: $? = 0
configure:3585: result: yes
configure:3597: checking for stdbool.h that conforms to C99
configure:3664: gcc -c -O -march=native -g -ggdb3 -O -march=native -g -ggdb3 conftest.c >&5
configure:3664: $? = 0
configure:3671: result: yes
configure:3673: checking for _Bool
configure:3673: gcc -c -O -march=native -g -ggdb3 -O -march=native -g -ggdb3 conftest.c >&5
configure:3673: $? = 0
configure:3673: gcc -c -O -march=native -g -ggdb3 -O -march=native -g -ggdb3 conftest.c >&5
conftest.c: In function 'main':
conftest.c:55:20: error: expected expression before ')' token
 if (sizeof ((_Bool)))
                    ^
configure:3673: $? = 1
configure: failed program was:
| /* confdefs.h */
| #define PACKAGE_NAME "emc"
| #define PACKAGE_TARNAME "emc"
| #define PACKAGE_VERSION "0.0.1"
| #define PACKAGE_STRING "emc 0.0.1"
| #define PACKAGE_BUGREPORT "ccarvalho@expertisesolutions.com"
| #define PACKAGE_URL ""
| #define STDC_HEADERS 1
| #define HAVE_SYS_TYPES_H 1
| #define HAVE_SYS_STAT_H 1
| #define HAVE_STDLIB_H 1
| #define HAVE_STRING_H 1
| #define HAVE_MEMORY_H 1
| #define HAVE_STRINGS_H 1
| #define HAVE_INTTYPES_H 1
| #define HAVE_STDINT_H 1
| #define HAVE_UNISTD_H 1
| /* end confdefs.h.  */
| #include <stdio.h>
| #ifdef HAVE_SYS_TYPES_H
| # include <sys/types.h>
| #endif
| #ifdef HAVE_SYS_STAT_H
| # include <sys/stat.h>
| #endif
| #ifdef STDC_HEADERS
| # include <stdlib.h>
| # include <stddef.h>
| #else
| # ifdef HAVE_STDLIB_H
| #  include <stdlib.h>
| # endif
| #endif
| #ifdef HAVE_STRING_H
| # if !defined STDC_HEADERS && defined HAVE_MEMORY_H
| #  include <memory.h>
| # endif
| # include <string.h>
| #endif
| #ifdef HAVE_STRINGS_H
| # include <strings.h>
| #endif
| #ifdef HAVE_INTTYPES_H
| # include <inttypes.h>
| #endif
| #ifdef HAVE_STDINT_H
| # include <stdint.h>
| #endif
| #ifdef HAVE_UNISTD_H
| # include <unistd.h>
| #endif
| int
| main ()
| {
| if (sizeof ((_Bool)))
| 	    return 0;
|   ;
|   return 0;
| }
configure:3673: result: yes
configure:3686: checking for memset
configure:3686: gcc -o conftest -O -march=native -g -ggdb3 -O -march=native -g -ggdb3  conftest.c  >&5
conftest.c:43:6: warning: conflicting types for built-in function 'memset' [enabled by default]
 char memset ();
      ^
configure:3686: $? = 0
configure:3686: result: yes
configure:3752: checking for pkg-config
configure:3770: found /usr/bin/pkg-config
configure:3782: result: /usr/bin/pkg-config
configure:3807: checking pkg-config is at least version 0.9.0
configure:3810: result: yes
configure:3820: checking for EMC
configure:3837: $PKG_CONFIG --exists --print-errors "
 elementary >= 1.11.0
 eo >= 1.11.0
 eo-cxx >= 1.11.0
 eina-cxx >= 1.11.0
 edje-cxx >= 1.11.0
 evas-cxx >= 1.11.0
 ecore-cxx >= 1.11.0
 edje-cxx >= 1.11.0
 eolian-cxx >= 1.11.0
"
Package elementary was not found in the pkg-config search path.
Perhaps you should add the directory containing `elementary.pc'
to the PKG_CONFIG_PATH environment variable
No package 'elementary' found
Package eo was not found in the pkg-config search path.
Perhaps you should add the directory containing `eo.pc'
to the PKG_CONFIG_PATH environment variable
No package 'eo' found
Package eo-cxx was not found in the pkg-config search path.
Perhaps you should add the directory containing `eo-cxx.pc'
to the PKG_CONFIG_PATH environment variable
No package 'eo-cxx' found
Package eina-cxx was not found in the pkg-config search path.
Perhaps you should add the directory containing `eina-cxx.pc'
to the PKG_CONFIG_PATH environment variable
No package 'eina-cxx' found
Package edje-cxx was not found in the pkg-config search path.
Perhaps you should add the directory containing `edje-cxx.pc'
to the PKG_CONFIG_PATH environment variable
No package 'edje-cxx' found
Package evas-cxx was not found in the pkg-config search path.
Perhaps you should add the directory containing `evas-cxx.pc'
to the PKG_CONFIG_PATH environment variable
No package 'evas-cxx' found
Package ecore-cxx was not found in the pkg-config search path.
Perhaps you should add the directory containing `ecore-cxx.pc'
to the PKG_CONFIG_PATH environment variable
No package 'ecore-cxx' found
Package edje-cxx was not found in the pkg-config search path.
Perhaps you should add the directory containing `edje-cxx.pc'
to the PKG_CONFIG_PATH environment variable
No package 'edje-cxx' found
Package eolian-cxx was not found in the pkg-config search path.
Perhaps you should add the directory containing `eolian-cxx.pc'
to the PKG_CONFIG_PATH environment variable
No package 'eolian-cxx' found
configure:3850: $? = 1
configure:3884: $PKG_CONFIG --exists --print-errors "
 elementary >= 1.11.0
 eo >= 1.11.0
 eo-cxx >= 1.11.0
 eina-cxx >= 1.11.0
 edje-cxx >= 1.11.0
 evas-cxx >= 1.11.0
 ecore-cxx >= 1.11.0
 edje-cxx >= 1.11.0
 eolian-cxx >= 1.11.0
"
Package elementary was not found in the pkg-config search path.
Perhaps you should add the directory containing `elementary.pc'
to the PKG_CONFIG_PATH environment variable
No package 'elementary' found
Package eo was not found in the pkg-config search path.
Perhaps you should add the directory containing `eo.pc'
to the PKG_CONFIG_PATH environment variable
No package 'eo' found
Package eo-cxx was not found in the pkg-config search path.
Perhaps you should add the directory containing `eo-cxx.pc'
to the PKG_CONFIG_PATH environment variable
No package 'eo-cxx' found
Package eina-cxx was not found in the pkg-config search path.
Perhaps you should add the directory containing `eina-cxx.pc'
to the PKG_CONFIG_PATH environment variable
No package 'eina-cxx' found
Package edje-cxx was not found in the pkg-config search path.
Perhaps you should add the directory containing `edje-cxx.pc'
to the PKG_CONFIG_PATH environment variable
No package 'edje-cxx' found
Package evas-cxx was not found in the pkg-config search path.
Perhaps you should add the directory containing `evas-cxx.pc'
to the PKG_CONFIG_PATH environment variable
No package 'evas-cxx' found
Package ecore-cxx was not found in the pkg-config search path.
Perhaps you should add the directory containing `ecore-cxx.pc'
to the PKG_CONFIG_PATH environment variable
No package 'ecore-cxx' found
Package edje-cxx was not found in the pkg-config search path.
Perhaps you should add the directory containing `edje-cxx.pc'
to the PKG_CONFIG_PATH environment variable
No package 'edje-cxx' found
Package eolian-cxx was not found in the pkg-config search path.
Perhaps you should add the directory containing `eolian-cxx.pc'
to the PKG_CONFIG_PATH environment variable
No package 'eolian-cxx' found
configure:3897: $? = 1
configure:3921: result: no
No package 'elementary' found
No package 'eo' found
No package 'eo-cxx' found
No package 'eina-cxx' found
No package 'edje-cxx' found
No package 'evas-cxx' found
No package 'ecore-cxx' found
No package 'edje-cxx' found
No package 'eolian-cxx' found
configure:3957: error: Package requirements (
 elementary >= 1.11.0
 eo >= 1.11.0
 eo-cxx >= 1.11.0
 eina-cxx >= 1.11.0
 edje-cxx >= 1.11.0
 evas-cxx >= 1.11.0
 ecore-cxx >= 1.11.0
 edje-cxx >= 1.11.0
 eolian-cxx >= 1.11.0
) were not met:

No package 'elementary' found
No package 'eo' found
No package 'eo-cxx' found
No package 'eina-cxx' found
No package 'edje-cxx' found
No package 'evas-cxx' found
No package 'ecore-cxx' found
No package 'edje-cxx' found
No package 'eolian-cxx' found

Consider adjusting the PKG_CONFIG_PATH environment variable if you
installed software in a non-standard prefix.

Alternatively, you may set the environment variables EMC_CFLAGS
and EMC_LIBS to avoid the need to call pkg-config.
See the pkg-config man page for more details.

## ---------------- ##
## Cache variables. ##
## ---------------- ##

ac_cv_c_compiler_gnu=yes
ac_cv_cxx_compiler_gnu=yes
ac_cv_env_CCC_set=
ac_cv_env_CCC_value=
ac_cv_env_CC_set=
ac_cv_env_CC_value=
ac_cv_env_CFLAGS_set=set
ac_cv_env_CFLAGS_value='-O -march=native -g -ggdb3'
ac_cv_env_CPPFLAGS_set=set
ac_cv_env_CPPFLAGS_value='-O -march=native -g -ggdb3'
ac_cv_env_CPP_set=
ac_cv_env_CPP_value=
ac_cv_env_CXXFLAGS_set=set
ac_cv_env_CXXFLAGS_value='-O -march=native -g -ggdb3'
ac_cv_env_CXX_set=
ac_cv_env_CXX_value=
ac_cv_env_EMC_CFLAGS_set=
ac_cv_env_EMC_CFLAGS_value=
ac_cv_env_EMC_LIBS_set=
ac_cv_env_EMC_LIBS_value=
ac_cv_env_LDFLAGS_set=
ac_cv_env_LDFLAGS_value=
ac_cv_env_LIBS_set=
ac_cv_env_LIBS_value=
ac_cv_env_PKG_CONFIG_LIBDIR_set=
ac_cv_env_PKG_CONFIG_LIBDIR_value=
ac_cv_env_PKG_CONFIG_PATH_set=set
ac_cv_env_PKG_CONFIG_PATH_value=/home/ccarvalho/.dev/lib/pkgconfig
ac_cv_env_PKG_CONFIG_set=
ac_cv_env_PKG_CONFIG_value=
ac_cv_env_build_alias_set=
ac_cv_env_build_alias_value=
ac_cv_env_host_alias_set=
ac_cv_env_host_alias_value=
ac_cv_env_target_alias_set=
ac_cv_env_target_alias_value=
ac_cv_func_memset=yes
ac_cv_header_inttypes_h=yes
ac_cv_header_memory_h=yes
ac_cv_header_stdbool_h=yes
ac_cv_header_stdc=yes
ac_cv_header_stdint_h=yes
ac_cv_header_stdlib_h=yes
ac_cv_header_string_h=yes
ac_cv_header_strings_h=yes
ac_cv_header_sys_stat_h=yes
ac_cv_header_sys_types_h=yes
ac_cv_header_unistd_h=yes
ac_cv_objext=o
ac_cv_path_EGREP='/bin/grep -E'
ac_cv_path_GREP=/bin/grep
ac_cv_path_ac_pt_PKG_CONFIG=/usr/bin/pkg-config
ac_cv_prog_CPP='gcc -E'
ac_cv_prog_ac_ct_CC=gcc
ac_cv_prog_ac_ct_CXX=g++
ac_cv_prog_cc_c89=
ac_cv_prog_cc_g=yes
ac_cv_prog_cxx_g=yes
ac_cv_prog_make_make_set=yes
ac_cv_type__Bool=yes

## ----------------- ##
## Output variables. ##
## ----------------- ##

CC='gcc'
CFLAGS='-O -march=native -g -ggdb3'
CPP='gcc -E'
CPPFLAGS='-O -march=native -g -ggdb3'
CXX='g++'
CXXFLAGS='-O -march=native -g -ggdb3'
DEFS=''
ECHO_C=''
ECHO_N='-n'
ECHO_T=''
EGREP='/bin/grep -E'
EMC_CFLAGS=''
EMC_LIBS=''
EXEEXT=''
GREP='/bin/grep'
LDFLAGS=''
LIBOBJS=''
LIBS=''
LTLIBOBJS=''
OBJEXT='o'
PACKAGE_BUGREPORT='ccarvalho@expertisesolutions.com'
PACKAGE_NAME='emc'
PACKAGE_STRING='emc 0.0.1'
PACKAGE_TARNAME='emc'
PACKAGE_URL=''
PACKAGE_VERSION='0.0.1'
PATH_SEPARATOR=':'
PKG_CONFIG='/usr/bin/pkg-config'
PKG_CONFIG_LIBDIR=''
PKG_CONFIG_PATH='/home/ccarvalho/.dev/lib/pkgconfig'
SET_MAKE=''
SHELL='/bin/bash'
ac_ct_CC='gcc'
ac_ct_CXX='g++'
bindir='${exec_prefix}/bin'
build_alias=''
datadir='${datarootdir}'
datarootdir='${prefix}/share'
docdir='${datarootdir}/doc/${PACKAGE_TARNAME}'
dvidir='${docdir}'
exec_prefix='NONE'
host_alias=''
htmldir='${docdir}'
includedir='${prefix}/include'
infodir='${datarootdir}/info'
libdir='${exec_prefix}/lib'
libexecdir='${exec_prefix}/libexec'
localedir='${datarootdir}/locale'
localstatedir='${prefix}/var'
mandir='${datarootdir}/man'
oldincludedir='/usr/include'
pdfdir='${docdir}'
prefix='NONE'
program_transform_name='s,x,x,'
psdir='${docdir}'
sbindir='${exec_prefix}/sbin'
sharedstatedir='${prefix}/com'
sysconfdir='${prefix}/etc'
target_alias=''

## ----------- ##
## confdefs.h. ##
## ----------- ##

/* confdefs.h */
#define PACKAGE_NAME "emc"
#define PACKAGE_TARNAME "emc"
#define PACKAGE_VERSION "0.0.1"
#define PACKAGE_STRING "emc 0.0.1"
#define PACKAGE_BUGREPORT "ccarvalho@expertisesolutions.com"
#define PACKAGE_URL ""
#define STDC_HEADERS 1
#define HAVE_SYS_TYPES_H 1
#define HAVE_SYS_STAT_H 1
#define HAVE_STDLIB_H 1
#define HAVE_STRING_H 1
#define HAVE_MEMORY_H 1
#define HAVE_STRINGS_H 1
#define HAVE_INTTYPES_H 1
#define HAVE_STDINT_H 1
#define HAVE_UNISTD_H 1
#define HAVE__BOOL 1
#define HAVE_MEMSET 1

configure: exit 1
